2015-06-09 16:02:17.307+0000 WARN  [o.n.k.i.JvmChecker]: You are using an unsupported version of the Java runtime. Please use Oracle(R) Java(TM) Runtime Environment 7 or OpenJDK(TM) 7.
2015-06-09 16:02:17.375+0000 INFO  [o.n.s.CommunityNeoServer]: Setting startup timeout to: 120000ms based on -1
2015-06-09 16:02:17.429+0000 WARN  [o.n.k.EmbeddedGraphDatabase]: You are using an unsupported version of the Java runtime. Please use Oracle(R) Java(TM) Runtime Environment 7 or OpenJDK(TM) 7.
2015-06-09 16:02:17.442+0000 INFO  [o.n.k.InternalAbstractGraphDatabase]: No locking implementation specified, defaulting to 'community'
2015-06-09 16:02:17.490+0000 INFO  [o.n.k.i.DiagnosticsManager]: --- INITIALIZED diagnostics START ---
2015-06-09 16:02:17.491+0000 INFO  [o.n.k.i.DiagnosticsManager]: Neo4j Kernel properties:
2015-06-09 16:02:17.493+0000 INFO  [o.n.k.i.DiagnosticsManager]: neostore.propertystore.db.strings.mapped_memory=546M
2015-06-09 16:02:17.494+0000 INFO  [o.n.k.i.DiagnosticsManager]: neostore.nodestore.db.mapped_memory=178M
2015-06-09 16:02:17.494+0000 INFO  [o.n.k.i.DiagnosticsManager]: store_dir=/Users/flashback/Development/project_mode/graphmirror/db/neo4j/development/data/graph.db
2015-06-09 16:02:17.494+0000 INFO  [o.n.k.i.DiagnosticsManager]: neostore.propertystore.db.arrays.mapped_memory=619M
2015-06-09 16:02:17.494+0000 INFO  [o.n.k.i.DiagnosticsManager]: remote_shell_enabled=true
2015-06-09 16:02:17.494+0000 INFO  [o.n.k.i.DiagnosticsManager]: neostore.propertystore.db.mapped_memory=643M
2015-06-09 16:02:17.494+0000 INFO  [o.n.k.i.DiagnosticsManager]: neostore.relationshipstore.db.mapped_memory=787M
2015-06-09 16:02:17.495+0000 INFO  [o.n.k.i.DiagnosticsManager]: Diagnostics providers:
2015-06-09 16:02:17.495+0000 INFO  [o.n.k.i.DiagnosticsManager]: org.neo4j.kernel.configuration.Config
2015-06-09 16:02:17.495+0000 INFO  [o.n.k.i.DiagnosticsManager]: org.neo4j.kernel.info.DiagnosticsManager
2015-06-09 16:02:17.495+0000 INFO  [o.n.k.i.DiagnosticsManager]: SYSTEM_MEMORY
2015-06-09 16:02:17.495+0000 INFO  [o.n.k.i.DiagnosticsManager]: JAVA_MEMORY
2015-06-09 16:02:17.495+0000 INFO  [o.n.k.i.DiagnosticsManager]: OPERATING_SYSTEM
2015-06-09 16:02:17.495+0000 INFO  [o.n.k.i.DiagnosticsManager]: JAVA_VIRTUAL_MACHINE
2015-06-09 16:02:17.495+0000 INFO  [o.n.k.i.DiagnosticsManager]: CLASSPATH
2015-06-09 16:02:17.495+0000 INFO  [o.n.k.i.DiagnosticsManager]: LIBRARY_PATH
2015-06-09 16:02:17.495+0000 INFO  [o.n.k.i.DiagnosticsManager]: SYSTEM_PROPERTIES
2015-06-09 16:02:17.495+0000 INFO  [o.n.k.i.DiagnosticsManager]: NETWORK
2015-06-09 16:02:17.495+0000 INFO  [o.n.k.i.DiagnosticsManager]: System memory information:
2015-06-09 16:02:17.496+0000 INFO  [o.n.k.i.DiagnosticsManager]: Total Physical memory: 8.00 GB
2015-06-09 16:02:17.497+0000 INFO  [o.n.k.i.DiagnosticsManager]: Free Physical memory: 268.59 MB
2015-06-09 16:02:17.498+0000 INFO  [o.n.k.i.DiagnosticsManager]: Committed virtual memory: 5.75 GB
2015-06-09 16:02:17.498+0000 INFO  [o.n.k.i.DiagnosticsManager]: Total swap space: 2.00 GB
2015-06-09 16:02:17.499+0000 INFO  [o.n.k.i.DiagnosticsManager]: Free swap space: 1.11 GB
2015-06-09 16:02:17.499+0000 INFO  [o.n.k.i.DiagnosticsManager]: JVM memory information:
2015-06-09 16:02:17.499+0000 INFO  [o.n.k.i.DiagnosticsManager]: Free  memory: 105.78 MB
2015-06-09 16:02:17.499+0000 INFO  [o.n.k.i.DiagnosticsManager]: Total memory: 123.75 MB
2015-06-09 16:02:17.499+0000 INFO  [o.n.k.i.DiagnosticsManager]: Max   memory: 1.97 GB
2015-06-09 16:02:17.501+0000 INFO  [o.n.k.i.DiagnosticsManager]: Garbage Collector: ParNew: [Par Eden Space, Par Survivor Space]
2015-06-09 16:02:17.502+0000 INFO  [o.n.k.i.DiagnosticsManager]: Garbage Collector: ConcurrentMarkSweep: [Par Eden Space, Par Survivor Space, CMS Old Gen]
2015-06-09 16:02:17.503+0000 INFO  [o.n.k.i.DiagnosticsManager]: Memory Pool: Code Cache (Non-heap memory): committed=3.25 MB, used=3.19 MB, max=240.00 MB, threshold=0.00 B
2015-06-09 16:02:17.504+0000 INFO  [o.n.k.i.DiagnosticsManager]: Memory Pool: Metaspace (Non-heap memory): committed=12.75 MB, used=12.55 MB, max=-1.00 B, threshold=0.00 B
2015-06-09 16:02:17.504+0000 INFO  [o.n.k.i.DiagnosticsManager]: Memory Pool: Compressed Class Space (Non-heap memory): committed=1.75 MB, used=1.64 MB, max=1.00 GB, threshold=0.00 B
2015-06-09 16:02:17.505+0000 INFO  [o.n.k.i.DiagnosticsManager]: Memory Pool: Par Eden Space (Heap memory): committed=34.13 MB, used=12.50 MB, max=266.25 MB, threshold=?
2015-06-09 16:02:17.505+0000 INFO  [o.n.k.i.DiagnosticsManager]: Memory Pool: Par Survivor Space (Heap memory): committed=4.25 MB, used=4.25 MB, max=33.25 MB, threshold=?
2015-06-09 16:02:17.505+0000 INFO  [o.n.k.i.DiagnosticsManager]: Memory Pool: CMS Old Gen (Heap memory): committed=85.38 MB, used=1.21 MB, max=1.68 GB, threshold=0.00 B
2015-06-09 16:02:17.505+0000 INFO  [o.n.k.i.DiagnosticsManager]: Operating system information:
2015-06-09 16:02:17.507+0000 INFO  [o.n.k.i.DiagnosticsManager]: Operating System: Mac OS X; version: 10.10.3; arch: x86_64; cpus: 4
2015-06-09 16:02:17.507+0000 INFO  [o.n.k.i.DiagnosticsManager]: Max number of file descriptors: 10240
2015-06-09 16:02:17.508+0000 INFO  [o.n.k.i.DiagnosticsManager]: Number of open file descriptors: 79
2015-06-09 16:02:17.508+0000 INFO  [o.n.k.i.DiagnosticsManager]: Process id: 13468@Zanatos.local
2015-06-09 16:02:17.508+0000 INFO  [o.n.k.i.DiagnosticsManager]: Byte order: LITTLE_ENDIAN
2015-06-09 16:02:17.509+0000 INFO  [o.n.k.i.DiagnosticsManager]: Local timezone: America/New_York
2015-06-09 16:02:17.509+0000 INFO  [o.n.k.i.DiagnosticsManager]: JVM information:
2015-06-09 16:02:17.509+0000 INFO  [o.n.k.i.DiagnosticsManager]: VM Name: Java HotSpot(TM) 64-Bit Server VM
2015-06-09 16:02:17.509+0000 INFO  [o.n.k.i.DiagnosticsManager]: VM Vendor: Oracle Corporation
2015-06-09 16:02:17.509+0000 INFO  [o.n.k.i.DiagnosticsManager]: VM Version: 25.45-b02
2015-06-09 16:02:17.509+0000 INFO  [o.n.k.i.DiagnosticsManager]: JIT compiler: HotSpot 64-Bit Tiered Compilers
2015-06-09 16:02:17.510+0000 INFO  [o.n.k.i.DiagnosticsManager]: VM Arguments: [-XX:+DisableExplicitGC, -Dorg.neo4j.server.properties=conf/neo4j-server.properties, -Djava.util.logging.config.file=conf/logging.properties, -Dlog4j.configuration=file:conf/log4j.properties, -XX:+UseConcMarkSweepGC, -XX:+CMSClassUnloadingEnabled, -Dneo4j.home=/Users/flashback/Development/project_mode/graphmirror/db/neo4j/development, -Dneo4j.instance=/Users/flashback/Development/project_mode/graphmirror/db/neo4j/development, -Dfile.encoding=UTF-8]
2015-06-09 16:02:17.510+0000 INFO  [o.n.k.i.DiagnosticsManager]: Java classpath:
2015-06-09 16:02:17.511+0000 INFO  [o.n.k.i.DiagnosticsManager]:  [bootstrap] /Library/Java/JavaVirtualMachines/jdk1.8.0_45.jdk/Contents/Home/jre/lib/sunrsasign.jar
2015-06-09 16:02:17.512+0000 INFO  [o.n.k.i.DiagnosticsManager]:  [classpath + loader.0] file:/Users/flashback/Development/project_mode/graphmirror/db/neo4j/development/system/lib/logback-classic-1.1.2.jar
2015-06-09 16:02:17.512+0000 INFO  [o.n.k.i.DiagnosticsManager]:  [loader.1] file:/Library/Java/JavaVirtualMachines/jdk1.8.0_45.jdk/Contents/Home/jre/lib/ext/cldrdata.jar
2015-06-09 16:02:17.512+0000 INFO  [o.n.k.i.DiagnosticsManager]:  [classpath + loader.0] file:/Users/flashback/Development/project_mode/graphmirror/db/neo4j/development/system/lib/commons-configuration-1.6.jar
2015-06-09 16:02:17.512+0000 INFO  [o.n.k.i.DiagnosticsManager]:  [classpath + loader.0] file:/Users/flashback/Development/project_mode/graphmirror/db/neo4j/development/system/lib/jersey-server-1.9.jar
2015-06-09 16:02:17.512+0000 INFO  [o.n.k.i.DiagnosticsManager]:  [classpath + loader.0] file:/Users/flashback/Development/project_mode/graphmirror/db/neo4j/development/system/lib/opencsv-2.0.jar
2015-06-09 16:02:17.512+0000 INFO  [o.n.k.i.DiagnosticsManager]:  [loader.1] file:/Library/Java/JavaVirtualMachines/jdk1.8.0_45.jdk/Contents/Home/jre/lib/ext/sunec.jar
2015-06-09 16:02:17.512+0000 INFO  [o.n.k.i.DiagnosticsManager]:  [classpath + loader.0] file:/Users/flashback/Development/project_mode/graphmirror/db/neo4j/development/system/lib/jetty-xml-9.0.5.v20130815.jar
2015-06-09 16:02:17.512+0000 INFO  [o.n.k.i.DiagnosticsManager]:  [classpath + loader.0] file:/Users/flashback/Development/project_mode/graphmirror/db/neo4j/development/system/lib/jsr311-api-1.1.2.r612.jar
2015-06-09 16:02:17.512+0000 INFO  [o.n.k.i.DiagnosticsManager]:  [classpath + loader.0] file:/Users/flashback/Development/project_mode/graphmirror/db/neo4j/development/system/lib/jcl-over-slf4j-1.6.1.jar
2015-06-09 16:02:17.512+0000 INFO  [o.n.k.i.DiagnosticsManager]:  [classpath + loader.0] file:/Users/flashback/Development/project_mode/graphmirror/db/neo4j/development/system/lib/jetty-servlet-9.0.5.v20130815.jar
2015-06-09 16:02:17.512+0000 INFO  [o.n.k.i.DiagnosticsManager]:  [classpath + loader.0] file:/Users/flashback/Development/project_mode/graphmirror/db/neo4j/development/system/lib/jackson-core-asl-1.9.7.jar
2015-06-09 16:02:17.512+0000 INFO  [o.n.k.i.DiagnosticsManager]:  [classpath + loader.0] file:/Users/flashback/Development/project_mode/graphmirror/db/neo4j/development/system/lib/mimepull-1.6.jar
2015-06-09 16:02:17.512+0000 INFO  [o.n.k.i.DiagnosticsManager]:  [loader.1] file:/Library/Java/JavaVirtualMachines/jdk1.8.0_45.jdk/Contents/Home/jre/lib/ext/nashorn.jar
2015-06-09 16:02:17.512+0000 INFO  [o.n.k.i.DiagnosticsManager]:  [classpath + loader.0] file:/Users/flashback/Development/project_mode/graphmirror/db/neo4j/development/lib/geronimo-jta_1.1_spec-1.1.1.jar
2015-06-09 16:02:17.512+0000 INFO  [o.n.k.i.DiagnosticsManager]:  [classpath + loader.0] file:/Users/flashback/Development/project_mode/graphmirror/db/neo4j/development/system/lib/slf4j-api-1.6.2.jar
2015-06-09 16:02:17.512+0000 INFO  [o.n.k.i.DiagnosticsManager]:  [classpath + loader.0] file:/Users/flashback/Development/project_mode/graphmirror/db/neo4j/development/lib/concurrentlinkedhashmap-lru-1.3.1.jar
2015-06-09 16:02:17.512+0000 INFO  [o.n.k.i.DiagnosticsManager]:  [classpath + loader.0] file:/Users/flashback/Development/project_mode/graphmirror/db/neo4j/development/lib/neo4j-cypher-compiler-1.9-2.0.3.jar
2015-06-09 16:02:17.512+0000 INFO  [o.n.k.i.DiagnosticsManager]:  [classpath + loader.0] file:/Users/flashback/Development/project_mode/graphmirror/db/neo4j/development/system/lib/commons-compiler-2.6.1.jar
2015-06-09 16:02:17.512+0000 INFO  [o.n.k.i.DiagnosticsManager]:  [loader.1] file:/Library/Java/JavaVirtualMachines/jdk1.8.0_45.jdk/Contents/Home/jre/lib/ext/zipfs.jar
2015-06-09 16:02:17.512+0000 INFO  [o.n.k.i.DiagnosticsManager]:  [classpath + loader.0] file:/Users/flashback/Development/project_mode/graphmirror/db/neo4j/development/lib/neo4j-cypher-commons-2.1.4.jar
2015-06-09 16:02:17.512+0000 INFO  [o.n.k.i.DiagnosticsManager]:  [classpath + loader.0] file:/Users/flashback/Development/project_mode/graphmirror/db/neo4j/development/lib/neo4j-kernel-2.1.4.jar
2015-06-09 16:02:17.513+0000 INFO  [o.n.k.i.DiagnosticsManager]:  [classpath + loader.0] file:/Users/flashback/Development/project_mode/graphmirror/db/neo4j/development/lib/neo4j-cypher-2.1.4.jar
2015-06-09 16:02:17.513+0000 INFO  [o.n.k.i.DiagnosticsManager]:  [classpath + loader.0] file:/Users/flashback/Development/project_mode/graphmirror/db/neo4j/development/system/lib/logback-access-1.1.2.jar
2015-06-09 16:02:17.513+0000 INFO  [o.n.k.i.DiagnosticsManager]:  [classpath + loader.0] file:/Users/flashback/Development/project_mode/graphmirror/db/neo4j/development/lib/neo4j-cypher-compiler-2.1-2.1.4.jar
2015-06-09 16:02:17.513+0000 INFO  [o.n.k.i.DiagnosticsManager]:  [classpath + loader.0] file:/Users/flashback/Development/project_mode/graphmirror/db/neo4j/development/system/lib/jetty-security-9.0.5.v20130815.jar
2015-06-09 16:02:17.513+0000 INFO  [o.n.k.i.DiagnosticsManager]:  [classpath + loader.0] file:/Users/flashback/Development/project_mode/graphmirror/db/neo4j/development/lib/parboiled-scala_2.10-1.1.6.jar
2015-06-09 16:02:17.513+0000 INFO  [o.n.k.i.DiagnosticsManager]:  [classpath + loader.0] file:/Users/flashback/Development/project_mode/graphmirror/db/neo4j/development/lib/scala-library-2.10.4.jar
2015-06-09 16:02:17.513+0000 INFO  [o.n.k.i.DiagnosticsManager]:  [classpath + loader.0] file:/Users/flashback/Development/project_mode/graphmirror/db/neo4j/development/system/lib/neo4j-server-2.1.4-static-web.jar
2015-06-09 16:02:17.513+0000 INFO  [o.n.k.i.DiagnosticsManager]:  [classpath + loader.0] file:/Users/flashback/Development/project_mode/graphmirror/db/neo4j/development/system/lib/rrd4j-2.0.7.jar
2015-06-09 16:02:17.513+0000 INFO  [o.n.k.i.DiagnosticsManager]:  [classpath + loader.0] file:/Users/flashback/Development/project_mode/graphmirror/db/neo4j/development/system/lib/logback-core-1.1.2.jar
2015-06-09 16:02:17.513+0000 INFO  [o.n.k.i.DiagnosticsManager]:  [classpath + loader.0] file:/Users/flashback/Development/project_mode/graphmirror/db/neo4j/development/system/lib/jersey-multipart-1.9.jar
2015-06-09 16:02:17.513+0000 INFO  [o.n.k.i.DiagnosticsManager]:  [classpath + loader.0] file:/Users/flashback/Development/project_mode/graphmirror/db/neo4j/development/system/lib/jackson-mapper-asl-1.9.7.jar
2015-06-09 16:02:17.513+0000 INFO  [o.n.k.i.DiagnosticsManager]:  [classpath + loader.0] file:/Users/flashback/Development/project_mode/graphmirror/db/neo4j/development/system/lib/jetty-io-9.0.5.v20130815.jar
2015-06-09 16:02:17.513+0000 INFO  [o.n.k.i.DiagnosticsManager]:  [loader.1] file:/System/Library/Java/Extensions/MRJToolkit.jar
2015-06-09 16:02:17.513+0000 INFO  [o.n.k.i.DiagnosticsManager]:  [loader.1] file:/Library/Java/JavaVirtualMachines/jdk1.8.0_45.jdk/Contents/Home/jre/lib/ext/jfxrt.jar
2015-06-09 16:02:17.513+0000 INFO  [o.n.k.i.DiagnosticsManager]:  [loader.1] file:/Library/Java/JavaVirtualMachines/jdk1.8.0_45.jdk/Contents/Home/jre/lib/ext/localedata.jar
2015-06-09 16:02:17.513+0000 INFO  [o.n.k.i.DiagnosticsManager]:  [bootstrap] /Library/Java/JavaVirtualMachines/jdk1.8.0_45.jdk/Contents/Home/jre/classes
2015-06-09 16:02:17.513+0000 INFO  [o.n.k.i.DiagnosticsManager]:  [classpath + loader.0] file:/Users/flashback/Development/project_mode/graphmirror/db/neo4j/development/system/lib/commons-io-1.4.jar
2015-06-09 16:02:17.513+0000 INFO  [o.n.k.i.DiagnosticsManager]:  [classpath + loader.0] file:/Users/flashback/Development/project_mode/graphmirror/db/neo4j/development/system/lib/rhino-1.7R4.jar
2015-06-09 16:02:17.513+0000 INFO  [o.n.k.i.DiagnosticsManager]:  [classpath + loader.0] file:/Users/flashback/Development/project_mode/graphmirror/db/neo4j/development/system/lib/bcprov-jdk16-140.jar
2015-06-09 16:02:17.513+0000 INFO  [o.n.k.i.DiagnosticsManager]:  [classpath + loader.0] file:/Users/flashback/Development/project_mode/graphmirror/db/neo4j/development/system/lib/commons-digester-1.8.1.jar
2015-06-09 16:02:17.513+0000 INFO  [o.n.k.i.DiagnosticsManager]:  [bootstrap] /Library/Java/JavaVirtualMachines/jdk1.8.0_45.jdk/Contents/Home/jre/lib/resources.jar
2015-06-09 16:02:17.513+0000 INFO  [o.n.k.i.DiagnosticsManager]:  [classpath + loader.0] file:/Users/flashback/Development/project_mode/graphmirror/db/neo4j/development/system/lib/commons-beanutils-1.8.0.jar
2015-06-09 16:02:17.513+0000 INFO  [o.n.k.i.DiagnosticsManager]:  [classpath + loader.0] file:/Users/flashback/Development/project_mode/graphmirror/db/neo4j/development/system/lib/jersey-core-1.9.jar
2015-06-09 16:02:17.514+0000 INFO  [o.n.k.i.DiagnosticsManager]:  [classpath + loader.0] file:/Users/flashback/Development/project_mode/graphmirror/db/neo4j/development/lib/neo4j-shell-2.1.4.jar
2015-06-09 16:02:17.514+0000 INFO  [o.n.k.i.DiagnosticsManager]:  [classpath + loader.0] file:/Users/flashback/Development/project_mode/graphmirror/db/neo4j/development/system/lib/jackson-jaxrs-1.9.7.jar
2015-06-09 16:02:17.514+0000 INFO  [o.n.k.i.DiagnosticsManager]:  [classpath + loader.0] file:/Users/flashback/Development/project_mode/graphmirror/db/neo4j/development/lib/neo4j-primitive-collections-2.1.4.jar
2015-06-09 16:02:17.514+0000 INFO  [o.n.k.i.DiagnosticsManager]:  [classpath + loader.0] file:/Users/flashback/Development/project_mode/graphmirror/db/neo4j/development/system/lib/jetty-server-9.0.5.v20130815.jar
2015-06-09 16:02:17.514+0000 INFO  [o.n.k.i.DiagnosticsManager]:  [bootstrap] /Library/Java/JavaVirtualMachines/jdk1.8.0_45.jdk/Contents/Home/jre/lib/jce.jar
2015-06-09 16:02:17.514+0000 INFO  [o.n.k.i.DiagnosticsManager]:  [classpath + loader.0] file:/Users/flashback/Development/project_mode/graphmirror/db/neo4j/development/lib/neo4j-cypher-compiler-2.0-2.0.3.jar
2015-06-09 16:02:17.514+0000 INFO  [o.n.k.i.DiagnosticsManager]:  [bootstrap] /Library/Java/JavaVirtualMachines/jdk1.8.0_45.jdk/Contents/Home/jre/lib/jfr.jar
2015-06-09 16:02:17.514+0000 INFO  [o.n.k.i.DiagnosticsManager]:  [classpath + loader.0] file:/Users/flashback/Development/project_mode/graphmirror/db/neo4j/development/conf/
2015-06-09 16:02:17.514+0000 INFO  [o.n.k.i.DiagnosticsManager]:  [classpath + loader.0] file:/Users/flashback/Development/project_mode/graphmirror/db/neo4j/development/lib/neo4j-graph-algo-2.1.4.jar
2015-06-09 16:02:17.514+0000 INFO  [o.n.k.i.DiagnosticsManager]:  [classpath + loader.0] file:/Users/flashback/Development/project_mode/graphmirror/db/neo4j/development/system/lib/asm-3.1.jar
2015-06-09 16:02:17.514+0000 INFO  [o.n.k.i.DiagnosticsManager]:  [classpath + loader.0] file:/Users/flashback/Development/project_mode/graphmirror/db/neo4j/development/system/lib/commons-lang-2.4.jar
2015-06-09 16:02:17.514+0000 INFO  [o.n.k.i.DiagnosticsManager]:  [classpath + loader.0] file:/Users/flashback/Development/project_mode/graphmirror/db/neo4j/development/lib/neo4j-graph-matching-2.1.4.jar
2015-06-09 16:02:17.514+0000 INFO  [o.n.k.i.DiagnosticsManager]:  [classpath + loader.0] file:/Users/flashback/Development/project_mode/graphmirror/db/neo4j/development/system/lib/jetty-http-9.0.5.v20130815.jar
2015-06-09 16:02:17.514+0000 INFO  [o.n.k.i.DiagnosticsManager]:  [classpath + loader.0] file:/Users/flashback/Development/project_mode/graphmirror/db/neo4j/development/system/lib/commons-collections-3.2.1.jar
2015-06-09 16:02:17.514+0000 INFO  [o.n.k.i.DiagnosticsManager]:  [classpath + loader.0] file:/Users/flashback/Development/project_mode/graphmirror/db/neo4j/development/lib/org.apache.servicemix.bundles.jline-0.9.94_1.jar
2015-06-09 16:02:17.514+0000 INFO  [o.n.k.i.DiagnosticsManager]:  [classpath + loader.0] file:/Users/flashback/Development/project_mode/graphmirror/db/neo4j/development/system/lib/commons-logging-1.1.1.jar
2015-06-09 16:02:17.514+0000 INFO  [o.n.k.i.DiagnosticsManager]:  [classpath + loader.0] file:/Users/flashback/Development/project_mode/graphmirror/db/neo4j/development/system/lib/neo4j-browser-2.1.4.jar
2015-06-09 16:02:17.514+0000 INFO  [o.n.k.i.DiagnosticsManager]:  [loader.1] file:/Library/Java/JavaVirtualMachines/jdk1.8.0_45.jdk/Contents/Home/jre/lib/ext/sunjce_provider.jar
2015-06-09 16:02:17.514+0000 INFO  [o.n.k.i.DiagnosticsManager]:  [classpath + loader.0] file:/Users/flashback/Development/project_mode/graphmirror/db/neo4j/development/system/lib/javax.servlet-3.0.0.v201112011016.jar
2015-06-09 16:02:17.514+0000 INFO  [o.n.k.i.DiagnosticsManager]:  [classpath + loader.0] file:/Users/flashback/Development/project_mode/graphmirror/db/neo4j/development/system/lib/jetty-util-9.0.5.v20130815.jar
2015-06-09 16:02:17.514+0000 INFO  [o.n.k.i.DiagnosticsManager]:  [classpath + loader.0] file:/Users/flashback/Development/project_mode/graphmirror/db/neo4j/development/lib/server-api-2.1.4.jar
2015-06-09 16:02:17.514+0000 INFO  [o.n.k.i.DiagnosticsManager]:  [bootstrap] /Library/Java/JavaVirtualMachines/jdk1.8.0_45.jdk/Contents/Home/jre/lib/jsse.jar
2015-06-09 16:02:17.514+0000 INFO  [o.n.k.i.DiagnosticsManager]:  [bootstrap] /Library/Java/JavaVirtualMachines/jdk1.8.0_45.jdk/Contents/Home/jre/lib/charsets.jar
2015-06-09 16:02:17.514+0000 INFO  [o.n.k.i.DiagnosticsManager]:  [classpath + loader.0] file:/Users/flashback/Development/project_mode/graphmirror/db/neo4j/development/lib/opencsv-2.0.jar
2015-06-09 16:02:17.514+0000 INFO  [o.n.k.i.DiagnosticsManager]:  [loader.1] file:/Library/Java/JavaVirtualMachines/jdk1.8.0_45.jdk/Contents/Home/jre/lib/ext/sunpkcs11.jar
2015-06-09 16:02:17.514+0000 INFO  [o.n.k.i.DiagnosticsManager]:  [classpath + loader.0] file:/Users/flashback/Development/project_mode/graphmirror/db/neo4j/development/system/lib/commons-beanutils-core-1.8.0.jar
2015-06-09 16:02:17.515+0000 INFO  [o.n.k.i.DiagnosticsManager]:  [classpath + loader.0] file:/Users/flashback/Development/project_mode/graphmirror/db/neo4j/development/lib/lucene-core-3.6.2.jar
2015-06-09 16:02:17.515+0000 INFO  [o.n.k.i.DiagnosticsManager]:  [classpath + loader.0] file:/Users/flashback/Development/project_mode/graphmirror/db/neo4j/development/lib/neo4j-udc-2.1.4.jar
2015-06-09 16:02:17.515+0000 INFO  [o.n.k.i.DiagnosticsManager]:  [classpath + loader.0] file:/Users/flashback/Development/project_mode/graphmirror/db/neo4j/development/system/lib/janino-2.6.1.jar
2015-06-09 16:02:17.515+0000 INFO  [o.n.k.i.DiagnosticsManager]:  [classpath + loader.0] file:/Users/flashback/Development/project_mode/graphmirror/db/neo4j/development/lib/neo4j-lucene-index-2.1.4.jar
2015-06-09 16:02:17.515+0000 INFO  [o.n.k.i.DiagnosticsManager]:  [classpath + loader.0] file:/Users/flashback/Development/project_mode/graphmirror/db/neo4j/development/lib/parboiled-core-1.1.6.jar
2015-06-09 16:02:17.515+0000 INFO  [o.n.k.i.DiagnosticsManager]:  [classpath + loader.0] file:/Users/flashback/Development/project_mode/graphmirror/db/neo4j/development/system/lib/jetty-webapp-9.0.5.v20130815.jar
2015-06-09 16:02:17.515+0000 INFO  [o.n.k.i.DiagnosticsManager]:  [bootstrap] /Library/Java/JavaVirtualMachines/jdk1.8.0_45.jdk/Contents/Home/jre/lib/rt.jar
2015-06-09 16:02:17.515+0000 INFO  [o.n.k.i.DiagnosticsManager]:  [classpath + loader.0] file:/Users/flashback/Development/project_mode/graphmirror/db/neo4j/development/lib/neo4j-jmx-2.1.4.jar
2015-06-09 16:02:17.515+0000 INFO  [o.n.k.i.DiagnosticsManager]:  [loader.1] file:/Library/Java/JavaVirtualMachines/jdk1.8.0_45.jdk/Contents/Home/jre/lib/ext/dnsns.jar
2015-06-09 16:02:17.515+0000 INFO  [o.n.k.i.DiagnosticsManager]:  [classpath + loader.0] file:/Users/flashback/Development/project_mode/graphmirror/db/neo4j/development/system/lib/neo4j-server-2.1.4.jar
2015-06-09 16:02:17.515+0000 INFO  [o.n.k.i.DiagnosticsManager]: Library path:
2015-06-09 16:02:17.515+0000 INFO  [o.n.k.i.DiagnosticsManager]: /Users/flashback/Library/Java/Extensions
2015-06-09 16:02:17.515+0000 INFO  [o.n.k.i.DiagnosticsManager]: /Library/Java/Extensions
2015-06-09 16:02:17.515+0000 INFO  [o.n.k.i.DiagnosticsManager]: /Network/Library/Java/Extensions
2015-06-09 16:02:17.515+0000 INFO  [o.n.k.i.DiagnosticsManager]: /System/Library/Java/Extensions
2015-06-09 16:02:17.515+0000 INFO  [o.n.k.i.DiagnosticsManager]: /usr/lib/java
2015-06-09 16:02:17.516+0000 INFO  [o.n.k.i.DiagnosticsManager]: /Users/flashback/Development/project_mode/graphmirror/db/neo4j/development
2015-06-09 16:02:17.516+0000 INFO  [o.n.k.i.DiagnosticsManager]: System.properties:
2015-06-09 16:02:17.516+0000 INFO  [o.n.k.i.DiagnosticsManager]: sun.boot.library.path = /Library/Java/JavaVirtualMachines/jdk1.8.0_45.jdk/Contents/Home/jre/lib
2015-06-09 16:02:17.516+0000 INFO  [o.n.k.i.DiagnosticsManager]: org.neo4j.server.properties = conf/neo4j-server.properties
2015-06-09 16:02:17.516+0000 INFO  [o.n.k.i.DiagnosticsManager]: gopherProxySet = false
2015-06-09 16:02:17.516+0000 INFO  [o.n.k.i.DiagnosticsManager]: path.separator = :
2015-06-09 16:02:17.516+0000 INFO  [o.n.k.i.DiagnosticsManager]: file.encoding.pkg = sun.io
2015-06-09 16:02:17.516+0000 INFO  [o.n.k.i.DiagnosticsManager]: user.country = US
2015-06-09 16:02:17.516+0000 INFO  [o.n.k.i.DiagnosticsManager]: sun.java.launcher = SUN_STANDARD
2015-06-09 16:02:17.516+0000 INFO  [o.n.k.i.DiagnosticsManager]: sun.os.patch.level = unknown
2015-06-09 16:02:17.516+0000 INFO  [o.n.k.i.DiagnosticsManager]: user.dir = /Users/flashback/Development/project_mode/graphmirror/db/neo4j/development
2015-06-09 16:02:17.516+0000 INFO  [o.n.k.i.DiagnosticsManager]: log4j.configuration = file:conf/log4j.properties
2015-06-09 16:02:17.516+0000 INFO  [o.n.k.i.DiagnosticsManager]: sun.jnu.encoding = UTF-8
2015-06-09 16:02:17.516+0000 INFO  [o.n.k.i.DiagnosticsManager]: sun.management.compiler = HotSpot 64-Bit Tiered Compilers
2015-06-09 16:02:17.516+0000 INFO  [o.n.k.i.DiagnosticsManager]: http.nonProxyHosts = local|*.local|169.254/16|*.169.254/16
2015-06-09 16:02:17.516+0000 INFO  [o.n.k.i.DiagnosticsManager]: user.home = /Users/flashback
2015-06-09 16:02:17.516+0000 INFO  [o.n.k.i.DiagnosticsManager]: user.timezone = America/New_York
2015-06-09 16:02:17.516+0000 INFO  [o.n.k.i.DiagnosticsManager]: file.encoding = UTF-8
2015-06-09 16:02:17.516+0000 INFO  [o.n.k.i.DiagnosticsManager]: user.name = flashback
2015-06-09 16:02:17.516+0000 INFO  [o.n.k.i.DiagnosticsManager]: sun.java.command = org.neo4j.server.Bootstrapper
2015-06-09 16:02:17.516+0000 INFO  [o.n.k.i.DiagnosticsManager]: sun.arch.data.model = 64
2015-06-09 16:02:17.516+0000 INFO  [o.n.k.i.DiagnosticsManager]: user.language = en
2015-06-09 16:02:17.516+0000 INFO  [o.n.k.i.DiagnosticsManager]: awt.toolkit = sun.lwawt.macosx.LWCToolkit
2015-06-09 16:02:17.517+0000 INFO  [o.n.k.i.DiagnosticsManager]: file.separator = /
2015-06-09 16:02:17.517+0000 INFO  [o.n.k.i.DiagnosticsManager]: sun.io.unicode.encoding = UnicodeBig
2015-06-09 16:02:17.517+0000 INFO  [o.n.k.i.DiagnosticsManager]: sun.cpu.endian = little
2015-06-09 16:02:17.517+0000 INFO  [o.n.k.i.DiagnosticsManager]: socksNonProxyHosts = local|*.local|169.254/16|*.169.254/16
2015-06-09 16:02:17.517+0000 INFO  [o.n.k.i.DiagnosticsManager]: neo4j.instance = /Users/flashback/Development/project_mode/graphmirror/db/neo4j/development
2015-06-09 16:02:17.517+0000 INFO  [o.n.k.i.DiagnosticsManager]: ftp.nonProxyHosts = local|*.local|169.254/16|*.169.254/16
2015-06-09 16:02:17.517+0000 INFO  [o.n.k.i.DiagnosticsManager]: neo4j.home = /Users/flashback/Development/project_mode/graphmirror/db/neo4j/development
2015-06-09 16:02:17.517+0000 INFO  [o.n.k.i.DiagnosticsManager]: sun.cpu.isalist = 
2015-06-09 16:02:17.517+0000 INFO  [o.n.k.i.DiagnosticsManager]: Network information:
2015-06-09 16:02:17.519+0000 INFO  [o.n.k.i.DiagnosticsManager]: Interface awdl0:
2015-06-09 16:02:17.520+0000 INFO  [o.n.k.i.DiagnosticsManager]:     address: fe80:0:0:0:d801:d8ff:fec5:3d26%awdl0
2015-06-09 16:02:17.520+0000 INFO  [o.n.k.i.DiagnosticsManager]: Interface en0:
2015-06-09 16:02:17.520+0000 INFO  [o.n.k.i.DiagnosticsManager]:     address: fe80:0:0:0:a65e:60ff:fec0:a021%en0
2015-06-09 16:02:17.520+0000 INFO  [o.n.k.i.DiagnosticsManager]:     address: 192.168.2.122
2015-06-09 16:02:17.520+0000 INFO  [o.n.k.i.DiagnosticsManager]: Interface lo0:
2015-06-09 16:02:17.520+0000 INFO  [o.n.k.i.DiagnosticsManager]:     address: fe80:0:0:0:0:0:0:1%lo0
2015-06-09 16:02:17.520+0000 INFO  [o.n.k.i.DiagnosticsManager]:     address: 0:0:0:0:0:0:0:1
2015-06-09 16:02:17.520+0000 INFO  [o.n.k.i.DiagnosticsManager]:     address: 127.0.0.1
2015-06-09 16:02:17.520+0000 INFO  [o.n.k.i.DiagnosticsManager]: --- INITIALIZED diagnostics END ---
2015-06-09 16:02:17.645+0000 INFO  [o.n.k.i.n.s.StoreFactory]: Creating new db @ /Users/flashback/Development/project_mode/graphmirror/db/neo4j/development/data/graph.db/neostore
2015-06-09 16:02:17.693+0000 INFO  [o.n.k.i.n.s.StoreFactory]: [/Users/flashback/Development/project_mode/graphmirror/db/neo4j/development/data/graph.db/neostore.relationshiptypestore.db.names] brickCount=0 brickSize=0b mappedMem=0b (storeSize=38b)
2015-06-09 16:02:17.695+0000 INFO  [o.n.k.i.n.s.StoreFactory]: [/Users/flashback/Development/project_mode/graphmirror/db/neo4j/development/data/graph.db/neostore.relationshiptypestore.db] brickCount=0 brickSize=0b mappedMem=0b (storeSize=0b)
2015-06-09 16:02:17.695+0000 INFO  [o.n.k.i.n.s.StoreFactory]: /Users/flashback/Development/project_mode/graphmirror/db/neo4j/development/data/graph.db/neostore.relationshiptypestore.db.names hit=0 miss=0 switches=0 ooe=0
2015-06-09 16:02:17.699+0000 INFO  [o.n.k.i.n.s.StoreFactory]: /Users/flashback/Development/project_mode/graphmirror/db/neo4j/development/data/graph.db/neostore.relationshiptypestore.db hit=0 miss=0 switches=0 ooe=0
2015-06-09 16:02:17.702+0000 INFO  [o.n.k.i.n.s.StoreFactory]: [/Users/flashback/Development/project_mode/graphmirror/db/neo4j/development/data/graph.db/neostore.labeltokenstore.db.names] brickCount=0 brickSize=0b mappedMem=0b (storeSize=38b)
2015-06-09 16:02:17.703+0000 INFO  [o.n.k.i.n.s.StoreFactory]: [/Users/flashback/Development/project_mode/graphmirror/db/neo4j/development/data/graph.db/neostore.labeltokenstore.db] brickCount=0 brickSize=0b mappedMem=0b (storeSize=0b)
2015-06-09 16:02:17.703+0000 INFO  [o.n.k.i.n.s.StoreFactory]: /Users/flashback/Development/project_mode/graphmirror/db/neo4j/development/data/graph.db/neostore.labeltokenstore.db.names hit=0 miss=0 switches=0 ooe=0
2015-06-09 16:02:17.706+0000 INFO  [o.n.k.i.n.s.StoreFactory]: /Users/flashback/Development/project_mode/graphmirror/db/neo4j/development/data/graph.db/neostore.labeltokenstore.db hit=0 miss=0 switches=0 ooe=0
2015-06-09 16:02:17.715+0000 INFO  [o.n.k.i.n.s.StoreFactory]: [/Users/flashback/Development/project_mode/graphmirror/db/neo4j/development/data/graph.db/neostore.relationshiptypestore.db.names] brickCount=0 brickSize=0b mappedMem=0b (storeSize=38b)
2015-06-09 16:02:17.716+0000 INFO  [o.n.k.i.n.s.StoreFactory]: [/Users/flashback/Development/project_mode/graphmirror/db/neo4j/development/data/graph.db/neostore.relationshiptypestore.db] brickCount=0 brickSize=0b mappedMem=0b (storeSize=0b)
2015-06-09 16:02:17.716+0000 INFO  [o.n.k.i.n.s.StoreFactory]: [/Users/flashback/Development/project_mode/graphmirror/db/neo4j/development/data/graph.db/neostore.labeltokenstore.db.names] brickCount=0 brickSize=0b mappedMem=0b (storeSize=38b)
2015-06-09 16:02:17.716+0000 INFO  [o.n.k.i.n.s.StoreFactory]: [/Users/flashback/Development/project_mode/graphmirror/db/neo4j/development/data/graph.db/neostore.labeltokenstore.db] brickCount=0 brickSize=0b mappedMem=0b (storeSize=0b)
2015-06-09 16:02:17.717+0000 INFO  [o.n.k.i.n.s.StoreFactory]: [/Users/flashback/Development/project_mode/graphmirror/db/neo4j/development/data/graph.db/neostore.propertystore.db.strings] brickCount=0 brickSize=572416b mappedMem=572522496b (storeSize=128b)
2015-06-09 16:02:17.717+0000 INFO  [o.n.k.i.n.s.StoreFactory]: [/Users/flashback/Development/project_mode/graphmirror/db/neo4j/development/data/graph.db/neostore.propertystore.db.index.keys] brickCount=0 brickSize=0b mappedMem=0b (storeSize=38b)
2015-06-09 16:02:17.718+0000 INFO  [o.n.k.i.n.s.StoreFactory]: [/Users/flashback/Development/project_mode/graphmirror/db/neo4j/development/data/graph.db/neostore.propertystore.db.index] brickCount=0 brickSize=0b mappedMem=0b (storeSize=0b)
2015-06-09 16:02:17.719+0000 INFO  [o.n.k.i.n.s.StoreFactory]: [/Users/flashback/Development/project_mode/graphmirror/db/neo4j/development/data/graph.db/neostore.propertystore.db.arrays] brickCount=0 brickSize=648960b mappedMem=649068544b (storeSize=128b)
2015-06-09 16:02:17.722+0000 INFO  [o.n.k.i.n.s.StoreFactory]: [/Users/flashback/Development/project_mode/graphmirror/db/neo4j/development/data/graph.db/neostore.propertystore.db] brickCount=0 brickSize=6742327b mappedMem=674234368b (storeSize=0b)
2015-06-09 16:02:17.724+0000 INFO  [o.n.k.i.n.s.StoreFactory]: [/Users/flashback/Development/project_mode/graphmirror/db/neo4j/development/data/graph.db/neostore.relationshipstore.db] brickCount=0 brickSize=8252276b mappedMem=825229312b (storeSize=0b)
2015-06-09 16:02:17.724+0000 INFO  [o.n.k.i.n.s.StoreFactory]: [/Users/flashback/Development/project_mode/graphmirror/db/neo4j/development/data/graph.db/neostore.nodestore.db.labels] brickCount=0 brickSize=0b mappedMem=0b (storeSize=68b)
2015-06-09 16:02:17.726+0000 INFO  [o.n.k.i.n.s.StoreFactory]: [/Users/flashback/Development/project_mode/graphmirror/db/neo4j/development/data/graph.db/neostore.nodestore.db] brickCount=0 brickSize=1866465b mappedMem=186646528b (storeSize=0b)
2015-06-09 16:02:17.726+0000 INFO  [o.n.k.i.n.s.StoreFactory]: [/Users/flashback/Development/project_mode/graphmirror/db/neo4j/development/data/graph.db/neostore.schemastore.db] brickCount=0 brickSize=0b mappedMem=0b (storeSize=64b)
2015-06-09 16:02:17.728+0000 INFO  [o.n.k.i.n.s.StoreFactory]: [/Users/flashback/Development/project_mode/graphmirror/db/neo4j/development/data/graph.db/neostore.relationshipgroupstore.db] brickCount=0 brickSize=0b mappedMem=0b (storeSize=25b)
2015-06-09 16:02:17.729+0000 INFO  [o.n.k.i.n.s.StoreFactory]: [/Users/flashback/Development/project_mode/graphmirror/db/neo4j/development/data/graph.db/neostore] brickCount=0 brickSize=0b mappedMem=0b (storeSize=0b)
2015-06-09 16:02:17.736+0000 INFO  [o.n.k.i.n.s.StoreFactory]: /Users/flashback/Development/project_mode/graphmirror/db/neo4j/development/data/graph.db/neostore.relationshiptypestore.db.names hit=0 miss=0 switches=0 ooe=0
2015-06-09 16:02:17.738+0000 INFO  [o.n.k.i.n.s.StoreFactory]: /Users/flashback/Development/project_mode/graphmirror/db/neo4j/development/data/graph.db/neostore.relationshiptypestore.db hit=0 miss=0 switches=0 ooe=0
2015-06-09 16:02:17.740+0000 INFO  [o.n.k.i.n.s.StoreFactory]: /Users/flashback/Development/project_mode/graphmirror/db/neo4j/development/data/graph.db/neostore.labeltokenstore.db.names hit=0 miss=0 switches=0 ooe=0
2015-06-09 16:02:17.742+0000 INFO  [o.n.k.i.n.s.StoreFactory]: /Users/flashback/Development/project_mode/graphmirror/db/neo4j/development/data/graph.db/neostore.labeltokenstore.db hit=0 miss=0 switches=0 ooe=0
2015-06-09 16:02:17.743+0000 INFO  [o.n.k.i.n.s.StoreFactory]: /Users/flashback/Development/project_mode/graphmirror/db/neo4j/development/data/graph.db/neostore.propertystore.db.strings hit=0 miss=0 switches=0 ooe=0
2015-06-09 16:02:17.744+0000 INFO  [o.n.k.i.n.s.StoreFactory]: /Users/flashback/Development/project_mode/graphmirror/db/neo4j/development/data/graph.db/neostore.propertystore.db.index.keys hit=0 miss=0 switches=0 ooe=0
2015-06-09 16:02:17.744+0000 INFO  [o.n.k.i.n.s.StoreFactory]: /Users/flashback/Development/project_mode/graphmirror/db/neo4j/development/data/graph.db/neostore.propertystore.db.index hit=0 miss=0 switches=0 ooe=0
2015-06-09 16:02:17.745+0000 INFO  [o.n.k.i.n.s.StoreFactory]: /Users/flashback/Development/project_mode/graphmirror/db/neo4j/development/data/graph.db/neostore.propertystore.db.arrays hit=0 miss=0 switches=0 ooe=0
2015-06-09 16:02:17.745+0000 INFO  [o.n.k.i.n.s.StoreFactory]: /Users/flashback/Development/project_mode/graphmirror/db/neo4j/development/data/graph.db/neostore.propertystore.db hit=0 miss=0 switches=0 ooe=0
2015-06-09 16:02:17.746+0000 INFO  [o.n.k.i.n.s.StoreFactory]: /Users/flashback/Development/project_mode/graphmirror/db/neo4j/development/data/graph.db/neostore.relationshipstore.db hit=0 miss=0 switches=0 ooe=0
2015-06-09 16:02:17.747+0000 INFO  [o.n.k.i.n.s.StoreFactory]: /Users/flashback/Development/project_mode/graphmirror/db/neo4j/development/data/graph.db/neostore.nodestore.db.labels hit=0 miss=0 switches=0 ooe=0
2015-06-09 16:02:17.753+0000 INFO  [o.n.k.i.n.s.StoreFactory]: /Users/flashback/Development/project_mode/graphmirror/db/neo4j/development/data/graph.db/neostore.nodestore.db hit=0 miss=0 switches=0 ooe=0
2015-06-09 16:02:17.762+0000 INFO  [o.n.k.i.n.s.StoreFactory]: /Users/flashback/Development/project_mode/graphmirror/db/neo4j/development/data/graph.db/neostore.schemastore.db hit=0 miss=0 switches=0 ooe=0
2015-06-09 16:02:17.763+0000 INFO  [o.n.k.i.n.s.StoreFactory]: /Users/flashback/Development/project_mode/graphmirror/db/neo4j/development/data/graph.db/neostore.relationshipgroupstore.db hit=0 miss=0 switches=0 ooe=0
2015-06-09 16:02:17.766+0000 INFO  [o.n.k.i.n.s.StoreFactory]: /Users/flashback/Development/project_mode/graphmirror/db/neo4j/development/data/graph.db/neostore hit=0 miss=10 switches=0 ooe=0
2015-06-09 16:02:17.772+0000 INFO  [o.n.k.i.n.s.StoreFactory]: [/Users/flashback/Development/project_mode/graphmirror/db/neo4j/development/data/graph.db/neostore.relationshiptypestore.db.names] brickCount=0 brickSize=0b mappedMem=0b (storeSize=38b)
2015-06-09 16:02:17.772+0000 INFO  [o.n.k.i.n.s.StoreFactory]: [/Users/flashback/Development/project_mode/graphmirror/db/neo4j/development/data/graph.db/neostore.relationshiptypestore.db] brickCount=0 brickSize=0b mappedMem=0b (storeSize=0b)
2015-06-09 16:02:17.773+0000 INFO  [o.n.k.i.n.s.StoreFactory]: [/Users/flashback/Development/project_mode/graphmirror/db/neo4j/development/data/graph.db/neostore.labeltokenstore.db.names] brickCount=0 brickSize=0b mappedMem=0b (storeSize=38b)
2015-06-09 16:02:17.773+0000 INFO  [o.n.k.i.n.s.StoreFactory]: [/Users/flashback/Development/project_mode/graphmirror/db/neo4j/development/data/graph.db/neostore.labeltokenstore.db] brickCount=0 brickSize=0b mappedMem=0b (storeSize=0b)
2015-06-09 16:02:17.773+0000 INFO  [o.n.k.i.n.s.StoreFactory]: [/Users/flashback/Development/project_mode/graphmirror/db/neo4j/development/data/graph.db/neostore.propertystore.db.strings] brickCount=0 brickSize=572416b mappedMem=572522496b (storeSize=128b)
2015-06-09 16:02:17.774+0000 INFO  [o.n.k.i.n.s.StoreFactory]: [/Users/flashback/Development/project_mode/graphmirror/db/neo4j/development/data/graph.db/neostore.propertystore.db.index.keys] brickCount=0 brickSize=0b mappedMem=0b (storeSize=38b)
2015-06-09 16:02:17.774+0000 INFO  [o.n.k.i.n.s.StoreFactory]: [/Users/flashback/Development/project_mode/graphmirror/db/neo4j/development/data/graph.db/neostore.propertystore.db.index] brickCount=0 brickSize=0b mappedMem=0b (storeSize=0b)
2015-06-09 16:02:17.775+0000 INFO  [o.n.k.i.n.s.StoreFactory]: [/Users/flashback/Development/project_mode/graphmirror/db/neo4j/development/data/graph.db/neostore.propertystore.db.arrays] brickCount=0 brickSize=648960b mappedMem=649068544b (storeSize=128b)
2015-06-09 16:02:17.775+0000 INFO  [o.n.k.i.n.s.StoreFactory]: [/Users/flashback/Development/project_mode/graphmirror/db/neo4j/development/data/graph.db/neostore.propertystore.db] brickCount=0 brickSize=6742327b mappedMem=674234368b (storeSize=0b)
2015-06-09 16:02:17.775+0000 INFO  [o.n.k.i.n.s.StoreFactory]: [/Users/flashback/Development/project_mode/graphmirror/db/neo4j/development/data/graph.db/neostore.relationshipstore.db] brickCount=0 brickSize=8252276b mappedMem=825229312b (storeSize=0b)
2015-06-09 16:02:17.776+0000 INFO  [o.n.k.i.n.s.StoreFactory]: [/Users/flashback/Development/project_mode/graphmirror/db/neo4j/development/data/graph.db/neostore.nodestore.db.labels] brickCount=0 brickSize=0b mappedMem=0b (storeSize=68b)
2015-06-09 16:02:17.776+0000 INFO  [o.n.k.i.n.s.StoreFactory]: [/Users/flashback/Development/project_mode/graphmirror/db/neo4j/development/data/graph.db/neostore.nodestore.db] brickCount=0 brickSize=1866465b mappedMem=186646528b (storeSize=0b)
2015-06-09 16:02:17.776+0000 INFO  [o.n.k.i.n.s.StoreFactory]: [/Users/flashback/Development/project_mode/graphmirror/db/neo4j/development/data/graph.db/neostore.schemastore.db] brickCount=0 brickSize=0b mappedMem=0b (storeSize=64b)
2015-06-09 16:02:17.777+0000 INFO  [o.n.k.i.n.s.StoreFactory]: [/Users/flashback/Development/project_mode/graphmirror/db/neo4j/development/data/graph.db/neostore.relationshipgroupstore.db] brickCount=0 brickSize=0b mappedMem=0b (storeSize=25b)
2015-06-09 16:02:17.778+0000 INFO  [o.n.k.i.n.s.StoreFactory]: [/Users/flashback/Development/project_mode/graphmirror/db/neo4j/development/data/graph.db/neostore] brickCount=0 brickSize=0b mappedMem=0b (storeSize=81b)
2015-06-09 16:02:17.848+0000 INFO  [o.n.k.a.i.i.LuceneLabelScanStore]: No lucene scan store index found, this might just be first use. Preparing to rebuild.
2015-06-09 16:02:17.875+0000 INFO  [o.n.k.a.i.i.LuceneLabelScanStore]: No lucene scan store index found, this might just be first use. Preparing to rebuild.
2015-06-09 16:02:17.941+0000 INFO  [o.n.k.i.t.x.XaLogicalLog]: Opened logical log [/Users/flashback/Development/project_mode/graphmirror/db/neo4j/development/data/graph.db/nioneo_logical.log.1] version=0, lastTxId=1 (clean)
2015-06-09 16:02:17.943+0000 INFO  [o.n.k.a.i.i.LuceneLabelScanStore]: Rebuilding lucene scan store, this may take a while
2015-06-09 16:02:17.945+0000 INFO  [o.n.k.a.i.i.LuceneLabelScanStore]: Lucene scan store rebuilt (roughly -1 nodes)
2015-06-09 16:02:17.948+0000 INFO  [o.n.k.i.t.TxManager]: TM new log: tm_tx_log.1
2015-06-09 16:02:17.953+0000 INFO  [o.n.k.i.t.KernelHealth]: Kernel health set to OK
2015-06-09 16:02:18.111+0000 INFO  [o.n.k.i.t.x.XaLogicalLog]: Opened logical log [/Users/flashback/Development/project_mode/graphmirror/db/neo4j/development/data/graph.db/index/lucene.log.1] version=0, lastTxId=1 (clean)
2015-06-09 16:02:18.116+0000 INFO  [o.n.k.i.DiagnosticsManager]: --- STARTED diagnostics for KernelDiagnostics:Versions START ---
2015-06-09 16:02:18.117+0000 INFO  [o.n.k.i.DiagnosticsManager]: Graph Database: org.neo4j.kernel.EmbeddedGraphDatabase StoreId{creationTime=1433865737649, randomId=-3969787780401930875, storeVersion=14406081294923270, upgradeTime=1433865737649, upgradeId=-3969787780401930875}
2015-06-09 16:02:18.117+0000 INFO  [o.n.k.i.DiagnosticsManager]: Kernel version: Neo4j - Graph Database Kernel (neo4j-kernel), version: 2.1.4
2015-06-09 16:02:18.117+0000 INFO  [o.n.k.i.DiagnosticsManager]: Neo4j component versions:
2015-06-09 16:02:18.125+0000 INFO  [o.n.k.i.DiagnosticsManager]:   Neo4j - Cypher Compiler 1.9 (neo4j-cypher-compiler-1.9), version: 2.0.3; revision: 2.0.3:2.0-maint:72/307c563c11b75fdc71cfa6df05daf9b08d6c37dc
2015-06-09 16:02:18.125+0000 INFO  [o.n.k.i.DiagnosticsManager]:   Neo4j - Cypher Commons (neo4j-cypher-commons), version: 2.1.4; revision: 2.1.4:2.1-maint:472/9e3b31ae01b01caaaa433d8843b81d7c355e8f69
2015-06-09 16:02:18.125+0000 INFO  [o.n.k.i.DiagnosticsManager]:   Neo4j Server API (server-api), version: 2.1.4; revision: 2.1.4:2.1-maint:472/9e3b31ae01b01caaaa433d8843b81d7c355e8f69
2015-06-09 16:02:18.125+0000 INFO  [o.n.k.i.DiagnosticsManager]:   Neo4j - Graph Database Kernel (neo4j-kernel), version: 2.1.4; revision: 2.1.4:2.1-maint:472/9e3b31ae01b01caaaa433d8843b81d7c355e8f69
2015-06-09 16:02:18.126+0000 INFO  [o.n.k.i.DiagnosticsManager]:   Neo4j - Generic shell (neo4j-shell), version: 2.1.4; revision: 2.1.4:2.1-maint:472/9e3b31ae01b01caaaa433d8843b81d7c355e8f69
2015-06-09 16:02:18.126+0000 INFO  [o.n.k.i.DiagnosticsManager]:   neo4j-udc, version: 2.1.4; revision: 2.1.4:2.1-maint:472/9e3b31ae01b01caaaa433d8843b81d7c355e8f69
2015-06-09 16:02:18.126+0000 INFO  [o.n.k.i.DiagnosticsManager]:   Neo4j - Lucene Index (neo4j-lucene-index), version: 2.1.4; revision: 2.1.4:2.1-maint:472/9e3b31ae01b01caaaa433d8843b81d7c355e8f69
2015-06-09 16:02:18.126+0000 INFO  [o.n.k.i.DiagnosticsManager]:   Neo4j Server (neo4j-server), version: 2.1.4; revision: 2.1.4:2.1-maint:472/9e3b31ae01b01caaaa433d8843b81d7c355e8f69
2015-06-09 16:02:18.126+0000 INFO  [o.n.k.i.DiagnosticsManager]:   Neo4j - Cypher Compiler 2.0 (neo4j-cypher-compiler-2.0), version: 2.0.3; revision: 2.0.3:2.0-maint:72/307c563c11b75fdc71cfa6df05daf9b08d6c37dc
2015-06-09 16:02:18.126+0000 INFO  [o.n.k.i.DiagnosticsManager]:   Neo4j - Graph Matching (neo4j-graph-matching), version: 2.1.4; revision: 2.1.4:2.1-maint:472/9e3b31ae01b01caaaa433d8843b81d7c355e8f69
2015-06-09 16:02:18.126+0000 INFO  [o.n.k.i.DiagnosticsManager]:   Neo4j - JMX support (neo4j-jmx), version: 2.1.4; revision: 2.1.4:2.1-maint:472/9e3b31ae01b01caaaa433d8843b81d7c355e8f69
2015-06-09 16:02:18.126+0000 INFO  [o.n.k.i.DiagnosticsManager]:   Neo4j - Cypher (neo4j-cypher), version: 2.1.4; revision: 2.1.4:2.1-maint:472/9e3b31ae01b01caaaa433d8843b81d7c355e8f69
2015-06-09 16:02:18.126+0000 INFO  [o.n.k.i.DiagnosticsManager]:   Neo4j - Graph Algorithms (neo4j-graph-algo), version: 2.1.4; revision: 2.1.4:2.1-maint:472/9e3b31ae01b01caaaa433d8843b81d7c355e8f69
2015-06-09 16:02:18.126+0000 INFO  [o.n.k.i.DiagnosticsManager]: --- STARTED diagnostics for KernelDiagnostics:Versions END ---
2015-06-09 16:02:18.128+0000 INFO  [o.n.k.i.DiagnosticsManager]: --- STARTED diagnostics for NEO_STORE_VERSIONS START ---
2015-06-09 16:02:18.129+0000 INFO  [o.n.k.i.DiagnosticsManager]: Store versions:
2015-06-09 16:02:18.129+0000 INFO  [o.n.k.i.DiagnosticsManager]: Store versions:
2015-06-09 16:02:18.129+0000 INFO  [o.n.k.i.DiagnosticsManager]:   NeoStore v0.A.3
2015-06-09 16:02:18.129+0000 INFO  [o.n.k.i.DiagnosticsManager]:   SchemaStore v0.A.3
2015-06-09 16:02:18.129+0000 INFO  [o.n.k.i.DiagnosticsManager]:   NodeStore v0.A.3
2015-06-09 16:02:18.129+0000 INFO  [o.n.k.i.DiagnosticsManager]:   RelationshipStore v0.A.3
2015-06-09 16:02:18.129+0000 INFO  [o.n.k.i.DiagnosticsManager]:   RelationshipTypeStore v0.A.3
2015-06-09 16:02:18.129+0000 INFO  [o.n.k.i.DiagnosticsManager]:   LabelTokenStore v0.A.3
2015-06-09 16:02:18.129+0000 INFO  [o.n.k.i.DiagnosticsManager]:   PropertyStore v0.A.3
2015-06-09 16:02:18.129+0000 INFO  [o.n.k.i.DiagnosticsManager]:   PropertyIndexStore v0.A.3
2015-06-09 16:02:18.129+0000 INFO  [o.n.k.i.DiagnosticsManager]:   StringPropertyStore v0.A.3
2015-06-09 16:02:18.129+0000 INFO  [o.n.k.i.DiagnosticsManager]:   ArrayPropertyStore v0.A.3
2015-06-09 16:02:18.129+0000 INFO  [o.n.k.i.DiagnosticsManager]:   RelationshipGroupStore v0.A.3
2015-06-09 16:02:18.129+0000 INFO  [o.n.k.i.DiagnosticsManager]: --- STARTED diagnostics for NEO_STORE_VERSIONS END ---
2015-06-09 16:02:18.129+0000 INFO  [o.n.k.i.DiagnosticsManager]: --- STARTED diagnostics for NEO_STORE_ID_USAGE START ---
2015-06-09 16:02:18.129+0000 INFO  [o.n.k.i.DiagnosticsManager]: Id usage:
2015-06-09 16:02:18.130+0000 INFO  [o.n.k.i.DiagnosticsManager]: Id usage:
2015-06-09 16:02:18.130+0000 INFO  [o.n.k.i.DiagnosticsManager]:   SchemaStore: used=1 high=0
2015-06-09 16:02:18.130+0000 INFO  [o.n.k.i.DiagnosticsManager]:   NodeStore: used=0 high=-1
2015-06-09 16:02:18.130+0000 INFO  [o.n.k.i.DiagnosticsManager]:   RelationshipStore: used=0 high=-1
2015-06-09 16:02:18.130+0000 INFO  [o.n.k.i.DiagnosticsManager]:   RelationshipTypeStore: used=0 high=-1
2015-06-09 16:02:18.130+0000 INFO  [o.n.k.i.DiagnosticsManager]:   LabelTokenStore: used=0 high=-1
2015-06-09 16:02:18.130+0000 INFO  [o.n.k.i.DiagnosticsManager]:   PropertyStore: used=0 high=-1
2015-06-09 16:02:18.131+0000 INFO  [o.n.k.i.DiagnosticsManager]:   PropertyIndexStore: used=0 high=-1
2015-06-09 16:02:18.131+0000 INFO  [o.n.k.i.DiagnosticsManager]:   StringPropertyStore: used=1 high=0
2015-06-09 16:02:18.131+0000 INFO  [o.n.k.i.DiagnosticsManager]:   ArrayPropertyStore: used=1 high=0
2015-06-09 16:02:18.131+0000 INFO  [o.n.k.i.DiagnosticsManager]:   RelationshipGroupStore: used=1 high=0
2015-06-09 16:02:18.131+0000 INFO  [o.n.k.i.DiagnosticsManager]: --- STARTED diagnostics for NEO_STORE_ID_USAGE END ---
2015-06-09 16:02:18.131+0000 INFO  [o.n.k.i.DiagnosticsManager]: --- STARTED diagnostics for PERSISTENCE_WINDOW_POOL_STATS START ---
2015-06-09 16:02:18.131+0000 INFO  [o.n.k.i.DiagnosticsManager]: --- STARTED diagnostics for PERSISTENCE_WINDOW_POOL_STATS END ---
2015-06-09 16:02:18.131+0000 INFO  [o.n.k.i.DiagnosticsManager]: --- STARTED diagnostics for KernelDiagnostics:StoreFiles START ---
2015-06-09 16:02:18.132+0000 INFO  [o.n.k.i.DiagnosticsManager]: Disk space on partition (Total / Free / Free %): 249779191808 / 158969286656 / 63
Storage files: (filename : modification date - size)
2015-06-09 16:02:18.133+0000 INFO  [o.n.k.i.DiagnosticsManager]:   active_tx_log: 2015-06-09T12:02:17-0400 - 11.00 B
2015-06-09 16:02:18.133+0000 INFO  [o.n.k.i.DiagnosticsManager]:   index:
2015-06-09 16:02:18.134+0000 INFO  [o.n.k.i.DiagnosticsManager]:     lucene-store.db: 2015-06-09T12:02:18-0400 - 40.00 B
2015-06-09 16:02:18.134+0000 INFO  [o.n.k.i.DiagnosticsManager]:     lucene.log.1: 2015-06-09T12:02:18-0400 - 16.00 B
2015-06-09 16:02:18.134+0000 INFO  [o.n.k.i.DiagnosticsManager]:     lucene.log.active: 2015-06-09T12:02:18-0400 - 4.00 B
2015-06-09 16:02:18.135+0000 INFO  [o.n.k.i.DiagnosticsManager]:   - Total: 2015-06-09T12:02:18-0400 - 60.00 B
2015-06-09 16:02:18.135+0000 INFO  [o.n.k.i.DiagnosticsManager]:   lock: 2015-06-09T12:02:17-0400 - 0.00 B
2015-06-09 16:02:18.135+0000 INFO  [o.n.k.i.DiagnosticsManager]:   messages.log: 2015-06-09T12:02:18-0400 - 47.27 kB
2015-06-09 16:02:18.135+0000 INFO  [o.n.k.i.DiagnosticsManager]:   neostore: 2015-06-09T12:02:17-0400 - 81.00 B
2015-06-09 16:02:18.135+0000 INFO  [o.n.k.i.DiagnosticsManager]:   neostore.id: 2015-06-09T12:02:17-0400 - 9.00 B
2015-06-09 16:02:18.136+0000 INFO  [o.n.k.i.DiagnosticsManager]:   neostore.labeltokenstore.db: 2015-06-09T12:02:17-0400 - 0.00 B
2015-06-09 16:02:18.136+0000 INFO  [o.n.k.i.DiagnosticsManager]:   neostore.labeltokenstore.db.id: 2015-06-09T12:02:17-0400 - 9.00 B
2015-06-09 16:02:18.136+0000 INFO  [o.n.k.i.DiagnosticsManager]:   neostore.labeltokenstore.db.names: 2015-06-09T12:02:17-0400 - 38.00 B
2015-06-09 16:02:18.136+0000 INFO  [o.n.k.i.DiagnosticsManager]:   neostore.labeltokenstore.db.names.id: 2015-06-09T12:02:17-0400 - 9.00 B
2015-06-09 16:02:18.136+0000 INFO  [o.n.k.i.DiagnosticsManager]:   neostore.nodestore.db: 2015-06-09T12:02:17-0400 - 0.00 B
2015-06-09 16:02:18.137+0000 INFO  [o.n.k.i.DiagnosticsManager]:   neostore.nodestore.db.id: 2015-06-09T12:02:17-0400 - 9.00 B
2015-06-09 16:02:18.137+0000 INFO  [o.n.k.i.DiagnosticsManager]:   neostore.nodestore.db.labels: 2015-06-09T12:02:17-0400 - 68.00 B
2015-06-09 16:02:18.137+0000 INFO  [o.n.k.i.DiagnosticsManager]:   neostore.nodestore.db.labels.id: 2015-06-09T12:02:17-0400 - 9.00 B
2015-06-09 16:02:18.137+0000 INFO  [o.n.k.i.DiagnosticsManager]:   neostore.propertystore.db: 2015-06-09T12:02:17-0400 - 0.00 B
2015-06-09 16:02:18.138+0000 INFO  [o.n.k.i.DiagnosticsManager]:   neostore.propertystore.db.arrays: 2015-06-09T12:02:17-0400 - 128.00 B
2015-06-09 16:02:18.138+0000 INFO  [o.n.k.i.DiagnosticsManager]:   neostore.propertystore.db.arrays.id: 2015-06-09T12:02:17-0400 - 9.00 B
2015-06-09 16:02:18.138+0000 INFO  [o.n.k.i.DiagnosticsManager]:   neostore.propertystore.db.id: 2015-06-09T12:02:17-0400 - 9.00 B
2015-06-09 16:02:18.138+0000 INFO  [o.n.k.i.DiagnosticsManager]:   neostore.propertystore.db.index: 2015-06-09T12:02:17-0400 - 0.00 B
2015-06-09 16:02:18.138+0000 INFO  [o.n.k.i.DiagnosticsManager]:   neostore.propertystore.db.index.id: 2015-06-09T12:02:17-0400 - 9.00 B
2015-06-09 16:02:18.139+0000 INFO  [o.n.k.i.DiagnosticsManager]:   neostore.propertystore.db.index.keys: 2015-06-09T12:02:17-0400 - 38.00 B
2015-06-09 16:02:18.139+0000 INFO  [o.n.k.i.DiagnosticsManager]:   neostore.propertystore.db.index.keys.id: 2015-06-09T12:02:17-0400 - 9.00 B
2015-06-09 16:02:18.139+0000 INFO  [o.n.k.i.DiagnosticsManager]:   neostore.propertystore.db.strings: 2015-06-09T12:02:17-0400 - 128.00 B
2015-06-09 16:02:18.139+0000 INFO  [o.n.k.i.DiagnosticsManager]:   neostore.propertystore.db.strings.id: 2015-06-09T12:02:17-0400 - 9.00 B
2015-06-09 16:02:18.139+0000 INFO  [o.n.k.i.DiagnosticsManager]:   neostore.relationshipgroupstore.db: 2015-06-09T12:02:17-0400 - 25.00 B
2015-06-09 16:02:18.140+0000 INFO  [o.n.k.i.DiagnosticsManager]:   neostore.relationshipgroupstore.db.id: 2015-06-09T12:02:17-0400 - 9.00 B
2015-06-09 16:02:18.140+0000 INFO  [o.n.k.i.DiagnosticsManager]:   neostore.relationshipstore.db: 2015-06-09T12:02:17-0400 - 0.00 B
2015-06-09 16:02:18.140+0000 INFO  [o.n.k.i.DiagnosticsManager]:   neostore.relationshipstore.db.id: 2015-06-09T12:02:17-0400 - 9.00 B
2015-06-09 16:02:18.140+0000 INFO  [o.n.k.i.DiagnosticsManager]:   neostore.relationshiptypestore.db: 2015-06-09T12:02:17-0400 - 0.00 B
2015-06-09 16:02:18.140+0000 INFO  [o.n.k.i.DiagnosticsManager]:   neostore.relationshiptypestore.db.id: 2015-06-09T12:02:17-0400 - 9.00 B
2015-06-09 16:02:18.140+0000 INFO  [o.n.k.i.DiagnosticsManager]:   neostore.relationshiptypestore.db.names: 2015-06-09T12:02:17-0400 - 38.00 B
2015-06-09 16:02:18.140+0000 INFO  [o.n.k.i.DiagnosticsManager]:   neostore.relationshiptypestore.db.names.id: 2015-06-09T12:02:17-0400 - 9.00 B
2015-06-09 16:02:18.140+0000 INFO  [o.n.k.i.DiagnosticsManager]:   neostore.schemastore.db: 2015-06-09T12:02:17-0400 - 64.00 B
2015-06-09 16:02:18.141+0000 INFO  [o.n.k.i.DiagnosticsManager]:   neostore.schemastore.db.id: 2015-06-09T12:02:17-0400 - 9.00 B
2015-06-09 16:02:18.141+0000 INFO  [o.n.k.i.DiagnosticsManager]:   nioneo_logical.log.1: 2015-06-09T12:02:17-0400 - 16.00 B
2015-06-09 16:02:18.141+0000 INFO  [o.n.k.i.DiagnosticsManager]:   nioneo_logical.log.active: 2015-06-09T12:02:17-0400 - 4.00 B
2015-06-09 16:02:18.141+0000 INFO  [o.n.k.i.DiagnosticsManager]:   schema:
2015-06-09 16:02:18.141+0000 INFO  [o.n.k.i.DiagnosticsManager]:     label:
2015-06-09 16:02:18.141+0000 INFO  [o.n.k.i.DiagnosticsManager]:       lucene:
2015-06-09 16:02:18.141+0000 INFO  [o.n.k.i.DiagnosticsManager]:         write.lock: 2015-06-09T12:02:17-0400 - 0.00 B
2015-06-09 16:02:18.142+0000 INFO  [o.n.k.i.DiagnosticsManager]:       - Total: 2015-06-09T12:02:17-0400 - 0.00 B
2015-06-09 16:02:18.142+0000 INFO  [o.n.k.i.DiagnosticsManager]:     - Total: 2015-06-09T12:02:17-0400 - 0.00 B
2015-06-09 16:02:18.142+0000 INFO  [o.n.k.i.DiagnosticsManager]:   - Total: 2015-06-09T12:02:17-0400 - 0.00 B
2015-06-09 16:02:18.143+0000 INFO  [o.n.k.i.DiagnosticsManager]:   store_lock: 2015-06-09T12:02:17-0400 - 0.00 B
2015-06-09 16:02:18.143+0000 INFO  [o.n.k.i.DiagnosticsManager]:   tm_tx_log.1: 2015-06-09T12:02:17-0400 - 0.00 B
2015-06-09 16:02:18.143+0000 INFO  [o.n.k.i.DiagnosticsManager]: --- STARTED diagnostics for KernelDiagnostics:StoreFiles END ---
2015-06-09 16:02:18.177+0000 INFO  [o.n.k.EmbeddedGraphDatabase]: GC Monitor started. 
2015-06-09 16:02:18.177+0000 INFO  [o.n.k.EmbeddedGraphDatabase]: Database is now ready
2015-06-09 16:02:18.470+0000 INFO  [o.n.s.d.LifecycleManagingDatabase]: Successfully started database
2015-06-09 16:02:18.470+0000 INFO  [o.n.k.i.DiagnosticsManager]: --- SERVER STARTED START ---
2015-06-09 16:02:18.522+0000 INFO  [o.n.s.CommunityNeoServer]: Starting HTTP on port :7000 with 40 threads available
2015-06-09 16:02:18.761+0000 INFO  [o.n.k.i.DiagnosticsManager]: --- STARTED diagnostics for org.neo4j.server.configuration.Configurator START ---
2015-06-09 16:02:18.764+0000 INFO  [o.n.k.i.DiagnosticsManager]: Server configuration:
2015-06-09 16:02:18.765+0000 INFO  [o.n.k.i.DiagnosticsManager]: org.neo4j.server.database.location = data/graph.db
2015-06-09 16:02:18.765+0000 INFO  [o.n.k.i.DiagnosticsManager]: org.neo4j.server.webserver.port = 7000
2015-06-09 16:02:18.765+0000 INFO  [o.n.k.i.DiagnosticsManager]: org.neo4j.server.webserver.https.enabled = false
2015-06-09 16:02:18.765+0000 INFO  [o.n.k.i.DiagnosticsManager]: org.neo4j.server.webserver.https.port = 7473
2015-06-09 16:02:18.765+0000 INFO  [o.n.k.i.DiagnosticsManager]: org.neo4j.server.webserver.https.cert.location = conf/ssl/snakeoil.cert
2015-06-09 16:02:18.765+0000 INFO  [o.n.k.i.DiagnosticsManager]: org.neo4j.server.webserver.https.key.location = conf/ssl/snakeoil.key
2015-06-09 16:02:18.765+0000 INFO  [o.n.k.i.DiagnosticsManager]: org.neo4j.server.webserver.https.keystore.location = data/keystore
2015-06-09 16:02:18.765+0000 INFO  [o.n.k.i.DiagnosticsManager]: org.neo4j.server.webadmin.rrdb.location = data/rrd
2015-06-09 16:02:18.765+0000 INFO  [o.n.k.i.DiagnosticsManager]: org.neo4j.server.db.tuning.properties = conf/neo4j.properties
2015-06-09 16:02:18.765+0000 INFO  [o.n.k.i.DiagnosticsManager]: org.neo4j.server.manage.console_engines = shell
2015-06-09 16:02:18.765+0000 INFO  [o.n.k.i.DiagnosticsManager]: org.neo4j.server.http.log.enabled = false
2015-06-09 16:02:18.765+0000 INFO  [o.n.k.i.DiagnosticsManager]: org.neo4j.server.http.log.config = conf/neo4j-http-logging.xml
2015-06-09 16:02:18.765+0000 INFO  [o.n.k.i.DiagnosticsManager]: org.neo4j.server.webadmin.management.uri = /db/manage/
2015-06-09 16:02:18.765+0000 INFO  [o.n.k.i.DiagnosticsManager]: org.neo4j.server.webadmin.data.uri = /db/data/
2015-06-09 16:02:18.765+0000 INFO  [o.n.k.i.DiagnosticsManager]: --- STARTED diagnostics for org.neo4j.server.configuration.Configurator END ---
2015-06-09 16:02:18.768+0000 INFO  [o.n.s.m.DiscoveryModule]: Mounted discovery module at [/]
2015-06-09 16:02:18.778+0000 INFO  [o.n.s.m.RESTApiModule]: Mounted REST API at [/db/data/]
2015-06-09 16:02:18.781+0000 INFO  [o.n.s.m.ManagementApiModule]: Mounted management API at [/db/manage/]
2015-06-09 16:02:18.782+0000 INFO  [o.n.s.m.WebAdminModule]: Mounted webadmin at [/webadmin]
2015-06-09 16:02:18.782+0000 INFO  [o.n.s.m.Neo4jBrowserModule]: Mounted Neo4j Browser at [/browser]
2015-06-09 16:02:18.837+0000 INFO  [o.n.s.w.Jetty9WebServer]: Mounting static content at [/webadmin] from [webadmin-html]
2015-06-09 16:02:18.895+0000 INFO  [o.n.s.w.Jetty9WebServer]: Mounting static content at [/browser] from [browser]
2015-06-09 16:02:19.914+0000 INFO  [o.n.s.CommunityNeoServer]: Server started on: http://localhost:7000/
2015-06-09 16:02:19.914+0000 INFO  [o.n.s.CommunityNeoServer]: Remote interface ready and available at [http://localhost:7000/]
2015-06-09 16:02:19.915+0000 INFO  [o.n.k.i.DiagnosticsManager]: --- SERVER STARTED END ---
2015-06-09 16:02:49.280+0000 INFO  [o.n.k.i.a.i.IndexPopulationJob]: Index population started: [:LibraryParser(uuid) [provider: {key=lucene, version=1.0}]]
2015-06-09 16:02:49.307+0000 INFO  [o.n.k.i.a.i.IndexPopulationJob]: Index population completed. Index is now online: [:LibraryParser(uuid) [provider: {key=lucene, version=1.0}]]
2015-06-09 16:02:49.692+0000 INFO  [o.n.k.i.a.i.IndexPopulationJob]: Index population started: [:User(uuid) [provider: {key=lucene, version=1.0}]]
2015-06-09 16:02:49.697+0000 INFO  [o.n.k.i.a.i.IndexPopulationJob]: Index population completed. Index is now online: [:User(uuid) [provider: {key=lucene, version=1.0}]]
2015-06-09 16:02:50.535+0000 INFO  [o.n.k.i.a.i.IndexPopulationJob]: Index population started: [:Artist(uuid) [provider: {key=lucene, version=1.0}]]
2015-06-09 16:02:50.544+0000 INFO  [o.n.k.i.a.i.IndexPopulationJob]: Index population completed. Index is now online: [:Artist(uuid) [provider: {key=lucene, version=1.0}]]
2015-06-09 16:02:50.775+0000 INFO  [o.n.k.i.a.i.IndexPopulationJob]: Index population started: [:Album(uuid) [provider: {key=lucene, version=1.0}]]
2015-06-09 16:02:50.782+0000 INFO  [o.n.k.i.a.i.IndexPopulationJob]: Index population completed. Index is now online: [:Album(uuid) [provider: {key=lucene, version=1.0}]]
2015-06-09 16:02:50.975+0000 INFO  [o.n.k.i.a.i.IndexPopulationJob]: Index population started: [:Song(uuid) [provider: {key=lucene, version=1.0}]]
2015-06-09 16:02:50.980+0000 INFO  [o.n.k.i.a.i.IndexPopulationJob]: Index population completed. Index is now online: [:Song(uuid) [provider: {key=lucene, version=1.0}]]
2015-06-09 17:07:48.095+0000 WARN  [o.n.k.EmbeddedGraphDatabase]: GC Monitor: Application threads blocked for an additional 2846184ms [total block time: 2846.184s]
