2015-06-10 17:09:45.893+0000 INFO  [API] Setting startup timeout to: 120000ms based on -1
2015-06-10 17:09:48.269+0000 INFO  [API] Successfully started database
2015-06-10 17:09:48.366+0000 INFO  [API] Starting HTTP on port :7000 with 20 threads available
2015-06-10 17:09:48.721+0000 INFO  [API] Mounted discovery module at [/]
2015-06-10 17:09:48.731+0000 INFO  [API] Mounted REST API at [/db/data/]
2015-06-10 17:09:48.735+0000 INFO  [API] Mounted management API at [/db/manage/]
2015-06-10 17:09:48.736+0000 INFO  [API] Mounted webadmin at [/webadmin]
2015-06-10 17:09:48.736+0000 INFO  [API] Mounted Neo4j Browser at [/browser]
2015-06-10 17:09:48.851+0000 INFO  [API] Mounting static content at [/webadmin] from [webadmin-html]
2015-06-10 17:09:48.930+0000 INFO  [API] Mounting static content at [/browser] from [browser]
13:09:48.935 [main] WARN  o.e.j.server.handler.ContextHandler - o.e.j.s.ServletContextHandler@41d2b081{/,null,null} contextPath ends with /
13:09:48.935 [main] WARN  o.e.j.server.handler.ContextHandler - Empty contextPath
13:09:48.939 [main] INFO  org.eclipse.jetty.server.Server - jetty-9.0.5.v20130815
13:09:48.980 [main] INFO  o.e.j.server.handler.ContextHandler - Started o.e.j.s.h.MovedContextHandler@353eec08{/,null,AVAILABLE}
13:09:49.156 [main] INFO  o.e.j.w.StandardDescriptorProcessor - NO JSP Support for /webadmin, did not find org.apache.jasper.servlet.JspServlet
13:09:49.173 [main] INFO  o.e.j.server.handler.ContextHandler - Started o.e.j.w.WebAppContext@5f717b35{/webadmin,jar:file:/Users/dace/Desktop/mirrormirror/db/neo4j/development/system/lib/neo4j-server-2.1.4-static-web.jar!/webadmin-html,AVAILABLE}
13:09:50.022 [main] INFO  o.e.j.server.handler.ContextHandler - Started o.e.j.s.ServletContextHandler@7e48640{/db/manage,null,AVAILABLE}
13:09:50.497 [main] INFO  o.e.j.server.handler.ContextHandler - Started o.e.j.s.ServletContextHandler@cefd84f{/db/data,null,AVAILABLE}
13:09:50.538 [main] INFO  o.e.j.w.StandardDescriptorProcessor - NO JSP Support for /browser, did not find org.apache.jasper.servlet.JspServlet
13:09:50.540 [main] INFO  o.e.j.server.handler.ContextHandler - Started o.e.j.w.WebAppContext@39472b5c{/browser,jar:file:/Users/dace/Desktop/mirrormirror/db/neo4j/development/system/lib/neo4j-browser-2.1.4.jar!/browser,AVAILABLE}
13:09:50.721 [main] INFO  o.e.j.server.handler.ContextHandler - Started o.e.j.s.ServletContextHandler@41d2b081{/,null,AVAILABLE}
13:09:50.743 [main] INFO  o.e.jetty.server.ServerConnector - Started ServerConnector@61e9704{HTTP/1.1}{localhost:7000}
2015-06-10 17:09:50.744+0000 INFO  [API] Server started on: http://localhost:7000/
2015-06-10 17:09:50.745+0000 INFO  [API] Remote interface ready and available at [http://localhost:7000/]
